c:\users\sofia\source\repos\ezequielleonardoleotta\industriaplastica\debug\vc142.pdb
c:\users\sofia\source\repos\ezequielleonardoleotta\industriaplastica\debug\vc142.idb
c:\users\sofia\source\repos\ezequielleonardoleotta\industriaplastica\debug\main.obj
c:\users\sofia\source\repos\ezequielleonardoleotta\industriaplastica\debug\listas.obj
c:\users\sofia\source\repos\ezequielleonardoleotta\industriaplastica\debug\listafigura.obj
c:\users\sofia\source\repos\ezequielleonardoleotta\industriaplastica\debug\listacolor.obj
c:\users\sofia\source\repos\ezequielleonardoleotta\industriaplastica\debug\lecturadearchivo.obj
c:\users\sofia\source\repos\ezequielleonardoleotta\industriaplastica\debug\industriaplastica.obj
c:\users\sofia\source\repos\ezequielleonardoleotta\industriaplastica\debug\figura.obj
c:\users\sofia\source\repos\ezequielleonardoleotta\industriaplastica\debug\color.obj
c:\users\sofia\source\repos\ezequielleonardoleotta\industriaplastica\debug\areas.obj
c:\users\sofia\source\repos\ezequielleonardoleotta\industriaplastica\debug\industriaplastica.exe
c:\users\sofia\source\repos\ezequielleonardoleotta\industriaplastica\debug\industriaplastica.ilk
c:\users\sofia\source\repos\ezequielleonardoleotta\industriaplastica\debug\industriaplastica.pdb
c:\users\sofia\source\repos\ezequielleonardoleotta\industriaplastica\debug\industri.116bf4ea.tlog\cl.command.1.tlog
c:\users\sofia\source\repos\ezequielleonardoleotta\industriaplastica\debug\industri.116bf4ea.tlog\cl.read.1.tlog
c:\users\sofia\source\repos\ezequielleonardoleotta\industriaplastica\debug\industri.116bf4ea.tlog\cl.write.1.tlog
c:\users\sofia\source\repos\ezequielleonardoleotta\industriaplastica\debug\industri.116bf4ea.tlog\link.command.1.tlog
c:\users\sofia\source\repos\ezequielleonardoleotta\industriaplastica\debug\industri.116bf4ea.tlog\link.read.1.tlog
c:\users\sofia\source\repos\ezequielleonardoleotta\industriaplastica\debug\industri.116bf4ea.tlog\link.write.1.tlog
