c:\users\eleotta\desktop\c++\industriaplastica\x64\debug\vc142.pdb
c:\users\eleotta\desktop\c++\industriaplastica\x64\debug\vc142.idb
c:\users\eleotta\desktop\c++\industriaplastica\x64\debug\main.obj
c:\users\eleotta\desktop\c++\industriaplastica\x64\debug\listas.obj
c:\users\eleotta\desktop\c++\industriaplastica\x64\debug\listafigura.obj
c:\users\eleotta\desktop\c++\industriaplastica\x64\debug\listacolor.obj
c:\users\eleotta\desktop\c++\industriaplastica\x64\debug\lecturadearchivo.obj
c:\users\eleotta\desktop\c++\industriaplastica\x64\debug\industriaplastica.obj
c:\users\eleotta\desktop\c++\industriaplastica\x64\debug\figura.obj
c:\users\eleotta\desktop\c++\industriaplastica\x64\debug\color.obj
c:\users\eleotta\desktop\c++\industriaplastica\x64\debug\areas.obj
c:\users\eleotta\desktop\c++\industriaplastica\x64\debug\industri.116bf4ea.tlog\cl.command.1.tlog
c:\users\eleotta\desktop\c++\industriaplastica\x64\debug\industri.116bf4ea.tlog\cl.read.1.tlog
c:\users\eleotta\desktop\c++\industriaplastica\x64\debug\industri.116bf4ea.tlog\cl.write.1.tlog
c:\users\eleotta\desktop\c++\industriaplastica\x64\debug\industri.116bf4ea.tlog\link.19784-cvtres.read.1.tlog
c:\users\eleotta\desktop\c++\industriaplastica\x64\debug\industri.116bf4ea.tlog\link.19784-cvtres.write.1.tlog
c:\users\eleotta\desktop\c++\industriaplastica\x64\debug\industri.116bf4ea.tlog\link.19784-rc.read.1.tlog
c:\users\eleotta\desktop\c++\industriaplastica\x64\debug\industri.116bf4ea.tlog\link.19784-rc.write.1.tlog
c:\users\eleotta\desktop\c++\industriaplastica\x64\debug\industri.116bf4ea.tlog\link.19784.read.1.tlog
c:\users\eleotta\desktop\c++\industriaplastica\x64\debug\industri.116bf4ea.tlog\link.19784.write.1.tlog
c:\users\eleotta\desktop\c++\industriaplastica\x64\debug\industri.116bf4ea.tlog\link.command.1.tlog
c:\users\eleotta\desktop\c++\industriaplastica\x64\debug\industri.116bf4ea.tlog\link.read.1.tlog
c:\users\eleotta\desktop\c++\industriaplastica\x64\debug\industri.116bf4ea.tlog\link.write.1.tlog
